2019-08-16 14:37:32,581 [140341965227840] INFO: [32m[INFO] - {'walking_channel': {'chn2': 2, 'chn1': 1}, 'nDeviceType': 4, 'steering_channel': {'chn2': 4, 'chn1': 3}, 'steering_mode': 0, 'walking_mode': 1, 'nDeviceInd': 0}[0m
2019-08-16 14:37:32,955 [140341965227840] INFO: [32m[INFO] - Can Analysis Open Success![0m
2019-08-16 14:37:32,956 [140341965227840] INFO: [32m[INFO] - 1[0m
2019-08-16 14:37:32,957 [140341965227840] INFO: [32m[INFO] - Can Analysis Init Success!![0m
2019-08-16 14:37:32,958 [140341965227840] INFO: [32m[INFO] - 1[0m
2019-08-16 14:37:32,958 [140341965227840] INFO: [32m[INFO] - Can Analysis Start Success!![0m
2019-08-16 14:37:32,959 [140341965227840] INFO: [32m[INFO] - 1[0m
2019-08-16 14:37:32,959 [140341965227840] INFO: [32m[INFO] - Can Analysis Reset Success!![0m
2019-08-16 14:37:32,959 [140341965227840] INFO: [32m[INFO] - 1[0m
2019-08-16 14:37:33,005 [140341965227840] INFO: [32m[INFO] - Can Analysis Read Board Info Success!![0m
2019-08-16 14:37:33,006 [140341965227840] INFO: [32m[INFO] - 1[0m
2019-08-16 14:37:33,006 [140341965227840] INFO: [32m[INFO] - Can Analysis Board Info like:[0m
2019-08-16 14:37:33,006 [140341965227840] INFO: [32m[INFO] - hw_Version: 512[0m
2019-08-16 14:37:33,006 [140341965227840] INFO: [32m[INFO] - fw_Version: 804[0m
2019-08-16 14:37:33,006 [140341965227840] INFO: [32m[INFO] - dr_Version: 512[0m
2019-08-16 14:37:33,006 [140341965227840] INFO: [32m[INFO] - in_Version: 403[0m
2019-08-16 14:37:33,007 [140341965227840] INFO: [32m[INFO] - irq_Num: 0[0m
2019-08-16 14:37:33,007 [140341965227840] INFO: [32m[INFO] - can_Num: 2[0m
2019-08-16 14:37:33,007 [140341965227840] INFO: [32m[INFO] - str_Serial_Num: 01710000600[0m
2019-08-16 14:37:33,007 [140341965227840] INFO: [32m[INFO] - str_hw_Type: CAN-Linux[0m
2019-08-16 14:37:33,007 [140341965227840] INFO: [32m[INFO] - Reserved: <__main__.c_ushort_Array_4 object at 0x7fa3e68c4200>[0m
2019-08-16 14:37:33,007 [140341965227840] INFO: [32m[INFO] - (4, 1, 1, 0)[0m
2019-08-16 14:37:33,108 [140341965227840] INFO: [32m[INFO] - Can Analysis Data Transmit Success!![0m
2019-08-16 14:37:33,108 [140341965227840] INFO: [32m[INFO] - 8[0m
2019-08-16 14:37:33,409 [140341965227840] INFO: [32m[INFO] - Can Analysis Get Receive Num Success!![0m
2019-08-16 14:37:33,410 [140341965227840] INFO: [32m[INFO] - 21[0m
2019-08-16 14:37:33,410 [140341965227840] INFO: [32m[INFO] - Can Analysis Receive Success!![0m
2019-08-16 14:37:33,411 [140341965227840] INFO: [32m[INFO] - 1[0m
2019-08-16 14:37:33,411 [140341965227840] INFO: [32m[INFO] - (4, 1, 1, 0)[0m
2019-08-16 14:37:33,512 [140341965227840] INFO: [32m[INFO] - Can Analysis Data Transmit Success!![0m
2019-08-16 14:37:33,513 [140341965227840] INFO: [32m[INFO] - 8[0m
2019-08-16 14:37:33,513 [140341965227840] INFO: [32m[INFO] - Can Analysis Receive Success!![0m
2019-08-16 14:37:33,513 [140341965227840] INFO: [32m[INFO] - 1[0m
2019-08-16 14:37:33,514 [140341965227840] INFO: [32m[INFO] - (4, 2, 1, 0)[0m
2019-08-16 14:37:33,614 [140341965227840] INFO: [32m[INFO] - Can Analysis Data Transmit Success!![0m
2019-08-16 14:37:33,615 [140341965227840] INFO: [32m[INFO] - 8[0m
2019-08-16 14:37:33,615 [140341965227840] INFO: [32m[INFO] - Can Analysis Receive Success!![0m
2019-08-16 14:37:33,616 [140341965227840] INFO: [32m[INFO] - 1[0m
2019-08-16 14:37:33,616 [140341965227840] INFO: [32m[INFO] - (4, 3, 1, 0)[0m
2019-08-16 14:37:33,717 [140341965227840] INFO: [32m[INFO] - Can Analysis Data Transmit Success!![0m
2019-08-16 14:37:33,718 [140341965227840] INFO: [32m[INFO] - 8[0m
2019-08-16 14:37:33,718 [140341965227840] INFO: [32m[INFO] - Can Analysis Receive Success!![0m
2019-08-16 14:37:33,719 [140341965227840] INFO: [32m[INFO] - 1[0m
2019-08-16 14:37:33,719 [140341965227840] INFO: [32m[INFO] - (4, 4, 1, 0)[0m
2019-08-16 14:37:33,820 [140341965227840] INFO: [32m[INFO] - Can Analysis Data Transmit Success!![0m
2019-08-16 14:37:33,820 [140341965227840] INFO: [32m[INFO] - 8[0m
2019-08-16 14:37:33,821 [140341965227840] INFO: [32m[INFO] - Can Analysis Receive Success!![0m
2019-08-16 14:37:33,821 [140341965227840] INFO: [32m[INFO] - 1[0m
2019-08-16 14:37:33,821 [140341965227840] INFO: [32m[INFO] - (4, 1, 1, 0)[0m
2019-08-16 14:37:33,922 [140341965227840] INFO: [32m[INFO] - Can Analysis Data Transmit Success!![0m
2019-08-16 14:37:33,923 [140341965227840] INFO: [32m[INFO] - 8[0m
2019-08-16 14:37:33,923 [140341965227840] INFO: [32m[INFO] - Can Analysis Receive Success!![0m
2019-08-16 14:37:33,923 [140341965227840] INFO: [32m[INFO] - 1[0m
2019-08-16 14:37:33,923 [140341965227840] INFO: [32m[INFO] - (4, 2, 1, 0)[0m
2019-08-16 14:37:34,024 [140341965227840] INFO: [32m[INFO] - Can Analysis Data Transmit Success!![0m
2019-08-16 14:37:34,025 [140341965227840] INFO: [32m[INFO] - 8[0m
2019-08-16 14:37:34,025 [140341965227840] INFO: [32m[INFO] - Can Analysis Receive Success!![0m
2019-08-16 14:37:34,025 [140341965227840] INFO: [32m[INFO] - 1[0m
2019-08-16 14:37:34,026 [140341965227840] INFO: [32m[INFO] - (4, 3, 1, 0)[0m
2019-08-16 14:37:34,127 [140341965227840] INFO: [32m[INFO] - Can Analysis Data Transmit Success!![0m
2019-08-16 14:37:34,127 [140341965227840] INFO: [32m[INFO] - 8[0m
2019-08-16 14:37:34,127 [140341965227840] INFO: [32m[INFO] - Can Analysis Receive Success!![0m
2019-08-16 14:37:34,128 [140341965227840] INFO: [32m[INFO] - 1[0m
2019-08-16 14:37:34,128 [140341965227840] INFO: [32m[INFO] - (4, 4, 1, 0)[0m
2019-08-16 14:37:34,229 [140341965227840] INFO: [32m[INFO] - Can Analysis Data Transmit Success!![0m
2019-08-16 14:37:34,230 [140341965227840] INFO: [32m[INFO] - 8[0m
2019-08-16 14:37:34,230 [140341965227840] INFO: [32m[INFO] - Can Analysis Receive Success!![0m
2019-08-16 14:37:34,231 [140341965227840] INFO: [32m[INFO] - 1[0m
2019-08-16 14:37:34,231 [140341965227840] INFO: [32m[INFO] - (4, 1, 1, 0)[0m
2019-08-16 14:37:34,332 [140341965227840] INFO: [32m[INFO] - Can Analysis Data Transmit Success!![0m
2019-08-16 14:37:34,333 [140341965227840] INFO: [32m[INFO] - 8[0m
2019-08-16 14:37:34,333 [140341965227840] INFO: [32m[INFO] - Can Analysis Receive Success!![0m
2019-08-16 14:37:34,333 [140341965227840] INFO: [32m[INFO] - 1[0m
2019-08-16 14:37:34,334 [140341965227840] INFO: [32m[INFO] - (4, 2, 1, 0)[0m
2019-08-16 14:37:34,435 [140341965227840] INFO: [32m[INFO] - Can Analysis Data Transmit Success!![0m
2019-08-16 14:37:34,435 [140341965227840] INFO: [32m[INFO] - 8[0m
2019-08-16 14:37:34,436 [140341965227840] INFO: [32m[INFO] - Can Analysis Receive Success!![0m
2019-08-16 14:37:34,436 [140341965227840] INFO: [32m[INFO] - 1[0m
2019-08-16 14:37:34,436 [140341965227840] INFO: [32m[INFO] - (4, 3, 1, 0)[0m
2019-08-16 14:37:34,537 [140341965227840] INFO: [32m[INFO] - Can Analysis Data Transmit Success!![0m
2019-08-16 14:37:34,538 [140341965227840] INFO: [32m[INFO] - 8[0m
2019-08-16 14:37:34,538 [140341965227840] INFO: [32m[INFO] - Can Analysis Receive Success!![0m
2019-08-16 14:37:34,539 [140341965227840] INFO: [32m[INFO] - 1[0m
2019-08-16 14:37:34,539 [140341965227840] INFO: [32m[INFO] - (4, 4, 1, 0)[0m
2019-08-16 14:37:34,640 [140341965227840] INFO: [32m[INFO] - Can Analysis Data Transmit Success!![0m
2019-08-16 14:37:34,640 [140341965227840] INFO: [32m[INFO] - 8[0m
2019-08-16 14:37:34,641 [140341965227840] INFO: [32m[INFO] - Can Analysis Receive Success!![0m
2019-08-16 14:37:34,641 [140341965227840] INFO: [32m[INFO] - 1[0m
2019-08-16 14:37:34,641 [140341965227840] INFO: [32m[INFO] - (4, 1, 1, 0)[0m
2019-08-16 14:37:34,742 [140341965227840] INFO: [32m[INFO] - Can Analysis Data Transmit Success!![0m
2019-08-16 14:37:34,743 [140341965227840] INFO: [32m[INFO] - 8[0m
2019-08-16 14:37:34,744 [140341965227840] INFO: [32m[INFO] - Can Analysis Receive Success!![0m
2019-08-16 14:37:34,744 [140341965227840] INFO: [32m[INFO] - 1[0m
2019-08-16 14:37:34,744 [140341965227840] INFO: [32m[INFO] - (4, 2, 1, 0)[0m
2019-08-16 14:37:34,845 [140341965227840] INFO: [32m[INFO] - Can Analysis Data Transmit Success!![0m
2019-08-16 14:37:34,846 [140341965227840] INFO: [32m[INFO] - 8[0m
2019-08-16 14:37:34,846 [140341965227840] INFO: [32m[INFO] - Can Analysis Receive Success!![0m
2019-08-16 14:37:34,846 [140341965227840] INFO: [32m[INFO] - 1[0m
2019-08-16 14:37:34,847 [140341965227840] INFO: [32m[INFO] - (4, 3, 1, 0)[0m
2019-08-16 14:37:34,948 [140341965227840] INFO: [32m[INFO] - Can Analysis Data Transmit Success!![0m
2019-08-16 14:37:34,948 [140341965227840] INFO: [32m[INFO] - 8[0m
2019-08-16 14:37:34,949 [140341965227840] INFO: [32m[INFO] - Can Analysis Receive Success!![0m
2019-08-16 14:37:34,949 [140341965227840] INFO: [32m[INFO] - 1[0m
2019-08-16 14:37:34,950 [140341965227840] INFO: [32m[INFO] - (4, 4, 1, 0)[0m
2019-08-16 14:37:35,051 [140341965227840] INFO: [32m[INFO] - Can Analysis Data Transmit Success!![0m
2019-08-16 14:37:35,051 [140341965227840] INFO: [32m[INFO] - 8[0m
2019-08-16 14:37:35,052 [140341965227840] INFO: [32m[INFO] - Can Analysis Receive Success!![0m
2019-08-16 14:37:35,052 [140341965227840] INFO: [32m[INFO] - 1[0m
2019-08-16 14:37:35,053 [140341965227840] INFO: [32m[INFO] - (4, 1, 1, 0)[0m
2019-08-16 14:37:35,154 [140341965227840] INFO: [32m[INFO] - Can Analysis Data Transmit Success!![0m
2019-08-16 14:37:35,154 [140341965227840] INFO: [32m[INFO] - 8[0m
2019-08-16 14:37:35,154 [140341965227840] INFO: [32m[INFO] - Can Analysis Receive Success!![0m
2019-08-16 14:37:35,154 [140341965227840] INFO: [32m[INFO] - 1[0m
2019-08-16 14:37:35,155 [140341965227840] INFO: [32m[INFO] - (4, 2, 1, 0)[0m
2019-08-16 14:37:35,256 [140341965227840] INFO: [32m[INFO] - Can Analysis Data Transmit Success!![0m
2019-08-16 14:37:35,256 [140341965227840] INFO: [32m[INFO] - 8[0m
2019-08-16 14:37:35,257 [140341965227840] INFO: [32m[INFO] - Can Analysis Receive Success!![0m
2019-08-16 14:37:35,257 [140341965227840] INFO: [32m[INFO] - 1[0m
2019-08-16 14:37:35,258 [140341965227840] INFO: [32m[INFO] - (4, 3, 1, 0)[0m
2019-08-16 14:37:35,359 [140341965227840] INFO: [32m[INFO] - Can Analysis Data Transmit Success!![0m
2019-08-16 14:37:35,359 [140341965227840] INFO: [32m[INFO] - 8[0m
2019-08-16 14:37:35,360 [140341965227840] INFO: [32m[INFO] - Can Analysis Receive Success!![0m
2019-08-16 14:37:35,360 [140341965227840] INFO: [32m[INFO] - 1[0m
2019-08-16 14:37:35,360 [140341965227840] INFO: [32m[INFO] - (4, 4, 1, 0)[0m
2019-08-16 14:37:35,462 [140341965227840] INFO: [32m[INFO] - Can Analysis Data Transmit Success!![0m
2019-08-16 14:37:35,462 [140341965227840] INFO: [32m[INFO] - 8[0m
2019-08-16 14:37:35,463 [140341965227840] INFO: [32m[INFO] - Can Analysis Receive Success!![0m
2019-08-16 14:37:35,463 [140341965227840] INFO: [32m[INFO] - 1[0m
2019-08-16 14:37:35,463 [140341965227840] INFO: [32m[INFO] - (4, 1, 1, 0)[0m
2019-08-16 14:37:35,564 [140341965227840] INFO: [32m[INFO] - Can Analysis Data Transmit Success!![0m
2019-08-16 14:37:35,565 [140341965227840] INFO: [32m[INFO] - 8[0m
2019-08-16 14:37:35,565 [140341965227840] INFO: [32m[INFO] - Can Analysis Receive Success!![0m
2019-08-16 14:37:35,566 [140341965227840] INFO: [32m[INFO] - 1[0m
2019-08-16 14:37:35,566 [140341965227840] INFO: [32m[INFO] - (4, 2, 1, 0)[0m
2019-08-16 14:37:35,667 [140341965227840] INFO: [32m[INFO] - Can Analysis Data Transmit Success!![0m
2019-08-16 14:37:35,668 [140341965227840] INFO: [32m[INFO] - 8[0m
2019-08-16 14:37:35,668 [140341965227840] INFO: [32m[INFO] - Can Analysis Receive Success!![0m
2019-08-16 14:37:35,669 [140341965227840] INFO: [32m[INFO] - 1[0m
2019-08-16 14:37:35,669 [140341965227840] INFO: [32m[INFO] - (4, 3, 1, 0)[0m
2019-08-16 14:37:35,770 [140341965227840] INFO: [32m[INFO] - Can Analysis Data Transmit Success!![0m
2019-08-16 14:37:35,771 [140341965227840] INFO: [32m[INFO] - 8[0m
2019-08-16 14:37:35,771 [140341965227840] INFO: [32m[INFO] - Can Analysis Receive Success!![0m
2019-08-16 14:37:35,771 [140341965227840] INFO: [32m[INFO] - 1[0m
2019-08-16 14:37:35,772 [140341965227840] INFO: [32m[INFO] - (4, 4, 1, 0)[0m
2019-08-16 14:37:35,873 [140341965227840] INFO: [32m[INFO] - Can Analysis Data Transmit Success!![0m
2019-08-16 14:37:35,873 [140341965227840] INFO: [32m[INFO] - 8[0m
2019-08-16 14:37:35,874 [140341965227840] INFO: [32m[INFO] - Can Analysis Receive Success!![0m
2019-08-16 14:37:35,875 [140341965227840] INFO: [32m[INFO] - 1[0m
2019-08-16 14:37:35,875 [140341965227840] INFO: [32m[INFO] - (4, 1, 1, 0)[0m
2019-08-16 14:37:35,976 [140341965227840] INFO: [32m[INFO] - Can Analysis Data Transmit Success!![0m
2019-08-16 14:37:35,977 [140341965227840] INFO: [32m[INFO] - 8[0m
2019-08-16 14:37:35,977 [140341965227840] INFO: [32m[INFO] - Can Analysis Receive Success!![0m
2019-08-16 14:37:35,977 [140341965227840] INFO: [32m[INFO] - 1[0m
2019-08-16 14:37:35,978 [140341965227840] INFO: [32m[INFO] - (4, 2, 1, 0)[0m
2019-08-16 14:37:36,079 [140341965227840] INFO: [32m[INFO] - Can Analysis Data Transmit Success!![0m
2019-08-16 14:37:36,079 [140341965227840] INFO: [32m[INFO] - 8[0m
2019-08-16 14:37:36,080 [140341965227840] INFO: [32m[INFO] - Can Analysis Receive Success!![0m
2019-08-16 14:37:36,080 [140341965227840] INFO: [32m[INFO] - 1[0m
2019-08-16 14:37:36,081 [140341965227840] INFO: [32m[INFO] - (4, 3, 1, 0)[0m
2019-08-16 14:37:36,182 [140341965227840] INFO: [32m[INFO] - Can Analysis Data Transmit Success!![0m
2019-08-16 14:37:36,182 [140341965227840] INFO: [32m[INFO] - 8[0m
2019-08-16 14:37:36,183 [140341965227840] INFO: [32m[INFO] - Can Analysis Receive Success!![0m
2019-08-16 14:37:36,184 [140341965227840] INFO: [32m[INFO] - 1[0m
2019-08-16 14:37:36,184 [140341965227840] INFO: [32m[INFO] - (4, 4, 1, 0)[0m
2019-08-16 14:37:36,285 [140341965227840] INFO: [32m[INFO] - Can Analysis Data Transmit Success!![0m
2019-08-16 14:37:36,286 [140341965227840] INFO: [32m[INFO] - 8[0m
2019-08-16 14:37:36,286 [140341965227840] INFO: [32m[INFO] - Can Analysis Receive Success!![0m
2019-08-16 14:37:36,287 [140341965227840] INFO: [32m[INFO] - 1[0m
2019-08-16 14:37:36,287 [140341965227840] INFO: [32m[INFO] - (4, 1, 1, 0)[0m
2019-08-16 14:37:36,388 [140341965227840] INFO: [32m[INFO] - Can Analysis Data Transmit Success!![0m
2019-08-16 14:37:36,389 [140341965227840] INFO: [32m[INFO] - 8[0m
2019-08-16 14:37:36,389 [140341965227840] INFO: [32m[INFO] - Can Analysis Receive Success!![0m
2019-08-16 14:37:36,389 [140341965227840] INFO: [32m[INFO] - 1[0m
2019-08-16 14:37:36,390 [140341965227840] INFO: [32m[INFO] - (4, 2, 1, 0)[0m
2019-08-16 14:37:36,491 [140341965227840] INFO: [32m[INFO] - Can Analysis Data Transmit Success!![0m
2019-08-16 14:37:36,491 [140341965227840] INFO: [32m[INFO] - 8[0m
2019-08-16 14:37:36,492 [140341965227840] INFO: [32m[INFO] - Can Analysis Receive Success!![0m
2019-08-16 14:37:36,492 [140341965227840] INFO: [32m[INFO] - 1[0m
2019-08-16 14:37:36,493 [140341965227840] INFO: [32m[INFO] - (4, 3, 1, 0)[0m
2019-08-16 14:37:36,594 [140341965227840] INFO: [32m[INFO] - Can Analysis Data Transmit Success!![0m
2019-08-16 14:37:36,594 [140341965227840] INFO: [32m[INFO] - 8[0m
2019-08-16 14:37:36,595 [140341965227840] INFO: [32m[INFO] - Can Analysis Receive Success!![0m
2019-08-16 14:37:36,595 [140341965227840] INFO: [32m[INFO] - 1[0m
2019-08-16 14:37:36,596 [140341965227840] INFO: [32m[INFO] - (4, 4, 1, 0)[0m
2019-08-16 14:37:36,697 [140341965227840] INFO: [32m[INFO] - Can Analysis Data Transmit Success!![0m
2019-08-16 14:37:36,697 [140341965227840] INFO: [32m[INFO] - 8[0m
2019-08-16 14:37:36,697 [140341965227840] INFO: [32m[INFO] - Can Analysis Receive Success!![0m
2019-08-16 14:37:36,697 [140341965227840] INFO: [32m[INFO] - 1[0m
2019-08-16 14:37:36,698 [140341965227840] INFO: [32m[INFO] - (4, 1, 1, 0)[0m
2019-08-16 14:37:36,798 [140341965227840] INFO: [32m[INFO] - Can Analysis Data Transmit Success!![0m
2019-08-16 14:37:36,798 [140341965227840] INFO: [32m[INFO] - 8[0m
2019-08-16 14:37:36,799 [140341965227840] INFO: [32m[INFO] - Can Analysis Receive Success!![0m
2019-08-16 14:37:36,799 [140341965227840] INFO: [32m[INFO] - 1[0m
2019-08-16 14:37:36,799 [140341965227840] INFO: [32m[INFO] - (4, 2, 1, 0)[0m
2019-08-16 14:37:36,900 [140341965227840] INFO: [32m[INFO] - Can Analysis Data Transmit Success!![0m
2019-08-16 14:37:36,900 [140341965227840] INFO: [32m[INFO] - 8[0m
2019-08-16 14:37:36,900 [140341965227840] INFO: [32m[INFO] - Can Analysis Receive Success!![0m
2019-08-16 14:37:36,900 [140341965227840] INFO: [32m[INFO] - 1[0m
2019-08-16 14:37:36,901 [140341965227840] INFO: [32m[INFO] - (4, 3, 1, 0)[0m
2019-08-16 14:37:37,001 [140341965227840] INFO: [32m[INFO] - Can Analysis Data Transmit Success!![0m
2019-08-16 14:37:37,002 [140341965227840] INFO: [32m[INFO] - 8[0m
2019-08-16 14:37:37,002 [140341965227840] INFO: [32m[INFO] - Can Analysis Receive Success!![0m
2019-08-16 14:37:37,003 [140341965227840] INFO: [32m[INFO] - 1[0m
2019-08-16 14:37:37,003 [140341965227840] INFO: [32m[INFO] - (4, 4, 1, 0)[0m
2019-08-16 14:37:37,104 [140341965227840] INFO: [32m[INFO] - Can Analysis Data Transmit Success!![0m
2019-08-16 14:37:37,105 [140341965227840] INFO: [32m[INFO] - 8[0m
2019-08-16 14:37:37,105 [140341965227840] INFO: [32m[INFO] - Can Analysis Receive Success!![0m
2019-08-16 14:37:37,105 [140341965227840] INFO: [32m[INFO] - 1[0m
2019-08-16 14:37:37,106 [140341965227840] INFO: [32m[INFO] - (4, 1, 1, 0)[0m
2019-08-16 14:37:37,207 [140341965227840] INFO: [32m[INFO] - Can Analysis Data Transmit Success!![0m
2019-08-16 14:37:37,207 [140341965227840] INFO: [32m[INFO] - 8[0m
2019-08-16 14:37:37,208 [140341965227840] INFO: [32m[INFO] - Can Analysis Receive Success!![0m
2019-08-16 14:37:37,208 [140341965227840] INFO: [32m[INFO] - 1[0m
2019-08-16 14:37:37,209 [140341965227840] INFO: [32m[INFO] - (4, 2, 1, 0)[0m
2019-08-16 14:37:37,310 [140341965227840] INFO: [32m[INFO] - Can Analysis Data Transmit Success!![0m
2019-08-16 14:37:37,311 [140341965227840] INFO: [32m[INFO] - 8[0m
2019-08-16 14:37:37,311 [140341965227840] INFO: [32m[INFO] - Can Analysis Receive Success!![0m
2019-08-16 14:37:37,311 [140341965227840] INFO: [32m[INFO] - 1[0m
2019-08-16 14:37:37,312 [140341965227840] INFO: [32m[INFO] - (4, 3, 1, 0)[0m
2019-08-16 14:37:37,413 [140341965227840] INFO: [32m[INFO] - Can Analysis Data Transmit Success!![0m
2019-08-16 14:37:37,414 [140341965227840] INFO: [32m[INFO] - 8[0m
2019-08-16 14:37:37,414 [140341965227840] INFO: [32m[INFO] - Can Analysis Receive Success!![0m
2019-08-16 14:37:37,415 [140341965227840] INFO: [32m[INFO] - 1[0m
2019-08-16 14:37:37,415 [140341965227840] INFO: [32m[INFO] - (4, 4, 1, 0)[0m
2019-08-16 14:37:37,516 [140341965227840] INFO: [32m[INFO] - Can Analysis Data Transmit Success!![0m
2019-08-16 14:37:37,517 [140341965227840] INFO: [32m[INFO] - 8[0m
2019-08-16 14:37:37,517 [140341965227840] INFO: [32m[INFO] - Can Analysis Receive Success!![0m
2019-08-16 14:37:37,518 [140341965227840] INFO: [32m[INFO] - 1[0m
2019-08-16 14:37:37,518 [140341965227840] INFO: [32m[INFO] - (4, 1, 1, 0)[0m
2019-08-16 14:37:37,619 [140341965227840] INFO: [32m[INFO] - Can Analysis Data Transmit Success!![0m
2019-08-16 14:37:37,620 [140341965227840] INFO: [32m[INFO] - 8[0m
2019-08-16 14:37:37,620 [140341965227840] INFO: [32m[INFO] - Can Analysis Receive Success!![0m
2019-08-16 14:37:37,620 [140341965227840] INFO: [32m[INFO] - 1[0m
2019-08-16 14:37:37,620 [140341965227840] INFO: [32m[INFO] - (4, 2, 1, 0)[0m
2019-08-16 14:37:37,721 [140341965227840] INFO: [32m[INFO] - Can Analysis Data Transmit Success!![0m
2019-08-16 14:37:37,721 [140341965227840] INFO: [32m[INFO] - 8[0m
2019-08-16 14:37:37,722 [140341965227840] INFO: [32m[INFO] - Can Analysis Receive Success!![0m
2019-08-16 14:37:37,722 [140341965227840] INFO: [32m[INFO] - 1[0m
2019-08-16 14:37:37,722 [140341965227840] INFO: [32m[INFO] - (4, 3, 1, 0)[0m
2019-08-16 14:37:37,823 [140341965227840] INFO: [32m[INFO] - Can Analysis Data Transmit Success!![0m
2019-08-16 14:37:37,823 [140341965227840] INFO: [32m[INFO] - 8[0m
2019-08-16 14:37:37,824 [140341965227840] INFO: [32m[INFO] - Can Analysis Receive Success!![0m
2019-08-16 14:37:37,824 [140341965227840] INFO: [32m[INFO] - 1[0m
2019-08-16 14:37:37,824 [140341965227840] INFO: [32m[INFO] - (4, 4, 1, 0)[0m
